<?xml version="1.0" encoding="UTF-8"?>
<testsuite xmlns:xsi="http://www.w3.org/2001/XMLSchema-instance" xsi:noNamespaceSchemaLocation="https://maven.apache.org/surefire/maven-surefire-plugin/xsd/surefire-test-report.xsd" name="com.zkw.fedweb.FedWebApplicationTests" time="7.822" tests="1" errors="0" skipped="0" failures="0">
  <properties>
    <property name="sun.desktop" value="windows"/>
    <property name="awt.toolkit" value="sun.awt.windows.WToolkit"/>
    <property name="file.encoding.pkg" value="sun.io"/>
    <property name="java.specification.version" value="1.8"/>
    <property name="sun.cpu.isalist" value="amd64"/>
    <property name="sun.jnu.encoding" value="GBK"/>
    <property name="java.class.path" value="D:\work_soft\IdeaProjects\zkw-fed-web-master\target\test-classes;D:\work_soft\IdeaProjects\zkw-fed-web-master\target\classes;D:\work_soft\repository\io\springfox\springfox-swagger2\2.2.2\springfox-swagger2-2.2.2.jar;D:\work_soft\repository\org\mapstruct\mapstruct\1.0.0.CR1\mapstruct-1.0.0.CR1.jar;D:\work_soft\repository\io\swagger\swagger-annotations\1.5.3\swagger-annotations-1.5.3.jar;D:\work_soft\repository\io\swagger\swagger-models\1.5.3\swagger-models-1.5.3.jar;D:\work_soft\repository\com\fasterxml\jackson\core\jackson-annotations\2.9.0\jackson-annotations-2.9.0.jar;D:\work_soft\repository\io\springfox\springfox-spi\2.2.2\springfox-spi-2.2.2.jar;D:\work_soft\repository\io\springfox\springfox-core\2.2.2\springfox-core-2.2.2.jar;D:\work_soft\repository\io\springfox\springfox-schema\2.2.2\springfox-schema-2.2.2.jar;D:\work_soft\repository\io\springfox\springfox-swagger-common\2.2.2\springfox-swagger-common-2.2.2.jar;D:\work_soft\repository\io\springfox\springfox-spring-web\2.2.2\springfox-spring-web-2.2.2.jar;D:\work_soft\repository\com\google\guava\guava\18.0\guava-18.0.jar;D:\work_soft\repository\com\fasterxml\classmate\1.4.0\classmate-1.4.0.jar;D:\work_soft\repository\org\slf4j\slf4j-api\1.7.26\slf4j-api-1.7.26.jar;D:\work_soft\repository\org\aspectj\aspectjrt\1.9.4\aspectjrt-1.9.4.jar;D:\work_soft\repository\org\aspectj\aspectjweaver\1.9.4\aspectjweaver-1.9.4.jar;D:\work_soft\repository\org\springframework\plugin\spring-plugin-core\1.2.0.RELEASE\spring-plugin-core-1.2.0.RELEASE.jar;D:\work_soft\repository\org\springframework\spring-beans\5.1.8.RELEASE\spring-beans-5.1.8.RELEASE.jar;D:\work_soft\repository\org\springframework\spring-context\5.1.8.RELEASE\spring-context-5.1.8.RELEASE.jar;D:\work_soft\repository\org\springframework\spring-aop\5.1.8.RELEASE\spring-aop-5.1.8.RELEASE.jar;D:\work_soft\repository\org\springframework\plugin\spring-plugin-metadata\1.2.0.RELEASE\spring-plugin-metadata-1.2.0.RELEASE.jar;D:\work_soft\repository\org\springframework\hateoas\spring-hateoas\0.25.1.RELEASE\spring-hateoas-0.25.1.RELEASE.jar;D:\work_soft\repository\io\springfox\springfox-swagger-ui\2.2.2\springfox-swagger-ui-2.2.2.jar;D:\work_soft\repository\org\springframework\boot\spring-boot-starter-web\2.1.6.RELEASE\spring-boot-starter-web-2.1.6.RELEASE.jar;D:\work_soft\repository\org\springframework\boot\spring-boot-starter\2.1.6.RELEASE\spring-boot-starter-2.1.6.RELEASE.jar;D:\work_soft\repository\org\springframework\boot\spring-boot\2.1.6.RELEASE\spring-boot-2.1.6.RELEASE.jar;D:\work_soft\repository\org\springframework\boot\spring-boot-autoconfigure\2.1.6.RELEASE\spring-boot-autoconfigure-2.1.6.RELEASE.jar;D:\work_soft\repository\org\springframework\boot\spring-boot-starter-logging\2.1.6.RELEASE\spring-boot-starter-logging-2.1.6.RELEASE.jar;D:\work_soft\repository\ch\qos\logback\logback-classic\1.2.3\logback-classic-1.2.3.jar;D:\work_soft\repository\ch\qos\logback\logback-core\1.2.3\logback-core-1.2.3.jar;D:\work_soft\repository\org\apache\logging\log4j\log4j-to-slf4j\2.11.2\log4j-to-slf4j-2.11.2.jar;D:\work_soft\repository\org\apache\logging\log4j\log4j-api\2.11.2\log4j-api-2.11.2.jar;D:\work_soft\repository\org\slf4j\jul-to-slf4j\1.7.26\jul-to-slf4j-1.7.26.jar;D:\work_soft\repository\javax\annotation\javax.annotation-api\1.3.2\javax.annotation-api-1.3.2.jar;D:\work_soft\repository\org\yaml\snakeyaml\1.23\snakeyaml-1.23.jar;D:\work_soft\repository\org\springframework\boot\spring-boot-starter-json\2.1.6.RELEASE\spring-boot-starter-json-2.1.6.RELEASE.jar;D:\work_soft\repository\com\fasterxml\jackson\core\jackson-databind\2.9.9\jackson-databind-2.9.9.jar;D:\work_soft\repository\com\fasterxml\jackson\core\jackson-core\2.9.9\jackson-core-2.9.9.jar;D:\work_soft\repository\com\fasterxml\jackson\datatype\jackson-datatype-jdk8\2.9.9\jackson-datatype-jdk8-2.9.9.jar;D:\work_soft\repository\com\fasterxml\jackson\datatype\jackson-datatype-jsr310\2.9.9\jackson-datatype-jsr310-2.9.9.jar;D:\work_soft\repository\com\fasterxml\jackson\module\jackson-module-parameter-names\2.9.9\jackson-module-parameter-names-2.9.9.jar;D:\work_soft\repository\org\springframework\boot\spring-boot-starter-tomcat\2.1.6.RELEASE\spring-boot-starter-tomcat-2.1.6.RELEASE.jar;D:\work_soft\repository\org\apache\tomcat\embed\tomcat-embed-core\9.0.21\tomcat-embed-core-9.0.21.jar;D:\work_soft\repository\org\apache\tomcat\embed\tomcat-embed-el\9.0.21\tomcat-embed-el-9.0.21.jar;D:\work_soft\repository\org\apache\tomcat\embed\tomcat-embed-websocket\9.0.21\tomcat-embed-websocket-9.0.21.jar;D:\work_soft\repository\org\hibernate\validator\hibernate-validator\6.0.17.Final\hibernate-validator-6.0.17.Final.jar;D:\work_soft\repository\javax\validation\validation-api\2.0.1.Final\validation-api-2.0.1.Final.jar;D:\work_soft\repository\org\jboss\logging\jboss-logging\3.3.2.Final\jboss-logging-3.3.2.Final.jar;D:\work_soft\repository\org\springframework\spring-web\5.1.8.RELEASE\spring-web-5.1.8.RELEASE.jar;D:\work_soft\repository\org\springframework\spring-webmvc\5.1.8.RELEASE\spring-webmvc-5.1.8.RELEASE.jar;D:\work_soft\repository\org\springframework\spring-expression\5.1.8.RELEASE\spring-expression-5.1.8.RELEASE.jar;D:\work_soft\repository\org\mybatis\spring\boot\mybatis-spring-boot-starter\2.0.1\mybatis-spring-boot-starter-2.0.1.jar;D:\work_soft\repository\org\springframework\boot\spring-boot-starter-jdbc\2.1.6.RELEASE\spring-boot-starter-jdbc-2.1.6.RELEASE.jar;D:\work_soft\repository\com\zaxxer\HikariCP\3.2.0\HikariCP-3.2.0.jar;D:\work_soft\repository\org\springframework\spring-jdbc\5.1.8.RELEASE\spring-jdbc-5.1.8.RELEASE.jar;D:\work_soft\repository\org\springframework\spring-tx\5.1.8.RELEASE\spring-tx-5.1.8.RELEASE.jar;D:\work_soft\repository\org\mybatis\spring\boot\mybatis-spring-boot-autoconfigure\2.0.1\mybatis-spring-boot-autoconfigure-2.0.1.jar;D:\work_soft\repository\org\mybatis\mybatis\3.5.1\mybatis-3.5.1.jar;D:\work_soft\repository\org\mybatis\mybatis-spring\2.0.1\mybatis-spring-2.0.1.jar;D:\work_soft\repository\mysql\mysql-connector-java\8.0.16\mysql-connector-java-8.0.16.jar;D:\work_soft\repository\org\projectlombok\lombok\1.18.8\lombok-1.18.8.jar;D:\work_soft\repository\org\springframework\boot\spring-boot-starter-test\2.1.6.RELEASE\spring-boot-starter-test-2.1.6.RELEASE.jar;D:\work_soft\repository\org\springframework\boot\spring-boot-test\2.1.6.RELEASE\spring-boot-test-2.1.6.RELEASE.jar;D:\work_soft\repository\org\springframework\boot\spring-boot-test-autoconfigure\2.1.6.RELEASE\spring-boot-test-autoconfigure-2.1.6.RELEASE.jar;D:\work_soft\repository\com\jayway\jsonpath\json-path\2.4.0\json-path-2.4.0.jar;D:\work_soft\repository\net\minidev\json-smart\2.3\json-smart-2.3.jar;D:\work_soft\repository\net\minidev\accessors-smart\1.2\accessors-smart-1.2.jar;D:\work_soft\repository\org\ow2\asm\asm\5.0.4\asm-5.0.4.jar;D:\work_soft\repository\junit\junit\4.12\junit-4.12.jar;D:\work_soft\repository\org\assertj\assertj-core\3.11.1\assertj-core-3.11.1.jar;D:\work_soft\repository\org\mockito\mockito-core\2.23.4\mockito-core-2.23.4.jar;D:\work_soft\repository\net\bytebuddy\byte-buddy\1.9.13\byte-buddy-1.9.13.jar;D:\work_soft\repository\net\bytebuddy\byte-buddy-agent\1.9.13\byte-buddy-agent-1.9.13.jar;D:\work_soft\repository\org\objenesis\objenesis\2.6\objenesis-2.6.jar;D:\work_soft\repository\org\hamcrest\hamcrest-core\1.3\hamcrest-core-1.3.jar;D:\work_soft\repository\org\hamcrest\hamcrest-library\1.3\hamcrest-library-1.3.jar;D:\work_soft\repository\org\skyscreamer\jsonassert\1.5.0\jsonassert-1.5.0.jar;D:\work_soft\repository\com\vaadin\external\google\android-json\0.0.20131108.vaadin1\android-json-0.0.20131108.vaadin1.jar;D:\work_soft\repository\org\springframework\spring-core\5.1.8.RELEASE\spring-core-5.1.8.RELEASE.jar;D:\work_soft\repository\org\springframework\spring-jcl\5.1.8.RELEASE\spring-jcl-5.1.8.RELEASE.jar;D:\work_soft\repository\org\springframework\spring-test\5.1.8.RELEASE\spring-test-5.1.8.RELEASE.jar;D:\work_soft\repository\org\xmlunit\xmlunit-core\2.6.2\xmlunit-core-2.6.2.jar;"/>
    <property name="java.vm.vendor" value="Oracle Corporation"/>
    <property name="sun.arch.data.model" value="64"/>
    <property name="user.variant" value=""/>
    <property name="java.vendor.url" value="http://java.oracle.com/"/>
    <property name="user.timezone" value="Asia/Shanghai"/>
    <property name="java.vm.specification.version" value="1.8"/>
    <property name="os.name" value="Windows 7"/>
    <property name="user.country" value="CN"/>
    <property name="sun.java.launcher" value="SUN_STANDARD"/>
    <property name="sun.boot.library.path" value="D:\work_soft\java\jre\bin"/>
    <property name="sun.java.command" value="C:\Users\ADMINI~1\AppData\Local\Temp\surefire8711407777467399315\surefirebooter348160755701553778.jar C:\Users\Administrator\AppData\Local\Temp\surefire8711407777467399315 2019-08-03T16-33-37_308-jvmRun1 surefire7036581798358740875tmp surefire_0693396359978024090tmp"/>
    <property name="surefire.test.class.path" value="D:\work_soft\IdeaProjects\zkw-fed-web-master\target\test-classes;D:\work_soft\IdeaProjects\zkw-fed-web-master\target\classes;D:\work_soft\repository\io\springfox\springfox-swagger2\2.2.2\springfox-swagger2-2.2.2.jar;D:\work_soft\repository\org\mapstruct\mapstruct\1.0.0.CR1\mapstruct-1.0.0.CR1.jar;D:\work_soft\repository\io\swagger\swagger-annotations\1.5.3\swagger-annotations-1.5.3.jar;D:\work_soft\repository\io\swagger\swagger-models\1.5.3\swagger-models-1.5.3.jar;D:\work_soft\repository\com\fasterxml\jackson\core\jackson-annotations\2.9.0\jackson-annotations-2.9.0.jar;D:\work_soft\repository\io\springfox\springfox-spi\2.2.2\springfox-spi-2.2.2.jar;D:\work_soft\repository\io\springfox\springfox-core\2.2.2\springfox-core-2.2.2.jar;D:\work_soft\repository\io\springfox\springfox-schema\2.2.2\springfox-schema-2.2.2.jar;D:\work_soft\repository\io\springfox\springfox-swagger-common\2.2.2\springfox-swagger-common-2.2.2.jar;D:\work_soft\repository\io\springfox\springfox-spring-web\2.2.2\springfox-spring-web-2.2.2.jar;D:\work_soft\repository\com\google\guava\guava\18.0\guava-18.0.jar;D:\work_soft\repository\com\fasterxml\classmate\1.4.0\classmate-1.4.0.jar;D:\work_soft\repository\org\slf4j\slf4j-api\1.7.26\slf4j-api-1.7.26.jar;D:\work_soft\repository\org\aspectj\aspectjrt\1.9.4\aspectjrt-1.9.4.jar;D:\work_soft\repository\org\aspectj\aspectjweaver\1.9.4\aspectjweaver-1.9.4.jar;D:\work_soft\repository\org\springframework\plugin\spring-plugin-core\1.2.0.RELEASE\spring-plugin-core-1.2.0.RELEASE.jar;D:\work_soft\repository\org\springframework\spring-beans\5.1.8.RELEASE\spring-beans-5.1.8.RELEASE.jar;D:\work_soft\repository\org\springframework\spring-context\5.1.8.RELEASE\spring-context-5.1.8.RELEASE.jar;D:\work_soft\repository\org\springframework\spring-aop\5.1.8.RELEASE\spring-aop-5.1.8.RELEASE.jar;D:\work_soft\repository\org\springframework\plugin\spring-plugin-metadata\1.2.0.RELEASE\spring-plugin-metadata-1.2.0.RELEASE.jar;D:\work_soft\repository\org\springframework\hateoas\spring-hateoas\0.25.1.RELEASE\spring-hateoas-0.25.1.RELEASE.jar;D:\work_soft\repository\io\springfox\springfox-swagger-ui\2.2.2\springfox-swagger-ui-2.2.2.jar;D:\work_soft\repository\org\springframework\boot\spring-boot-starter-web\2.1.6.RELEASE\spring-boot-starter-web-2.1.6.RELEASE.jar;D:\work_soft\repository\org\springframework\boot\spring-boot-starter\2.1.6.RELEASE\spring-boot-starter-2.1.6.RELEASE.jar;D:\work_soft\repository\org\springframework\boot\spring-boot\2.1.6.RELEASE\spring-boot-2.1.6.RELEASE.jar;D:\work_soft\repository\org\springframework\boot\spring-boot-autoconfigure\2.1.6.RELEASE\spring-boot-autoconfigure-2.1.6.RELEASE.jar;D:\work_soft\repository\org\springframework\boot\spring-boot-starter-logging\2.1.6.RELEASE\spring-boot-starter-logging-2.1.6.RELEASE.jar;D:\work_soft\repository\ch\qos\logback\logback-classic\1.2.3\logback-classic-1.2.3.jar;D:\work_soft\repository\ch\qos\logback\logback-core\1.2.3\logback-core-1.2.3.jar;D:\work_soft\repository\org\apache\logging\log4j\log4j-to-slf4j\2.11.2\log4j-to-slf4j-2.11.2.jar;D:\work_soft\repository\org\apache\logging\log4j\log4j-api\2.11.2\log4j-api-2.11.2.jar;D:\work_soft\repository\org\slf4j\jul-to-slf4j\1.7.26\jul-to-slf4j-1.7.26.jar;D:\work_soft\repository\javax\annotation\javax.annotation-api\1.3.2\javax.annotation-api-1.3.2.jar;D:\work_soft\repository\org\yaml\snakeyaml\1.23\snakeyaml-1.23.jar;D:\work_soft\repository\org\springframework\boot\spring-boot-starter-json\2.1.6.RELEASE\spring-boot-starter-json-2.1.6.RELEASE.jar;D:\work_soft\repository\com\fasterxml\jackson\core\jackson-databind\2.9.9\jackson-databind-2.9.9.jar;D:\work_soft\repository\com\fasterxml\jackson\core\jackson-core\2.9.9\jackson-core-2.9.9.jar;D:\work_soft\repository\com\fasterxml\jackson\datatype\jackson-datatype-jdk8\2.9.9\jackson-datatype-jdk8-2.9.9.jar;D:\work_soft\repository\com\fasterxml\jackson\datatype\jackson-datatype-jsr310\2.9.9\jackson-datatype-jsr310-2.9.9.jar;D:\work_soft\repository\com\fasterxml\jackson\module\jackson-module-parameter-names\2.9.9\jackson-module-parameter-names-2.9.9.jar;D:\work_soft\repository\org\springframework\boot\spring-boot-starter-tomcat\2.1.6.RELEASE\spring-boot-starter-tomcat-2.1.6.RELEASE.jar;D:\work_soft\repository\org\apache\tomcat\embed\tomcat-embed-core\9.0.21\tomcat-embed-core-9.0.21.jar;D:\work_soft\repository\org\apache\tomcat\embed\tomcat-embed-el\9.0.21\tomcat-embed-el-9.0.21.jar;D:\work_soft\repository\org\apache\tomcat\embed\tomcat-embed-websocket\9.0.21\tomcat-embed-websocket-9.0.21.jar;D:\work_soft\repository\org\hibernate\validator\hibernate-validator\6.0.17.Final\hibernate-validator-6.0.17.Final.jar;D:\work_soft\repository\javax\validation\validation-api\2.0.1.Final\validation-api-2.0.1.Final.jar;D:\work_soft\repository\org\jboss\logging\jboss-logging\3.3.2.Final\jboss-logging-3.3.2.Final.jar;D:\work_soft\repository\org\springframework\spring-web\5.1.8.RELEASE\spring-web-5.1.8.RELEASE.jar;D:\work_soft\repository\org\springframework\spring-webmvc\5.1.8.RELEASE\spring-webmvc-5.1.8.RELEASE.jar;D:\work_soft\repository\org\springframework\spring-expression\5.1.8.RELEASE\spring-expression-5.1.8.RELEASE.jar;D:\work_soft\repository\org\mybatis\spring\boot\mybatis-spring-boot-starter\2.0.1\mybatis-spring-boot-starter-2.0.1.jar;D:\work_soft\repository\org\springframework\boot\spring-boot-starter-jdbc\2.1.6.RELEASE\spring-boot-starter-jdbc-2.1.6.RELEASE.jar;D:\work_soft\repository\com\zaxxer\HikariCP\3.2.0\HikariCP-3.2.0.jar;D:\work_soft\repository\org\springframework\spring-jdbc\5.1.8.RELEASE\spring-jdbc-5.1.8.RELEASE.jar;D:\work_soft\repository\org\springframework\spring-tx\5.1.8.RELEASE\spring-tx-5.1.8.RELEASE.jar;D:\work_soft\repository\org\mybatis\spring\boot\mybatis-spring-boot-autoconfigure\2.0.1\mybatis-spring-boot-autoconfigure-2.0.1.jar;D:\work_soft\repository\org\mybatis\mybatis\3.5.1\mybatis-3.5.1.jar;D:\work_soft\repository\org\mybatis\mybatis-spring\2.0.1\mybatis-spring-2.0.1.jar;D:\work_soft\repository\mysql\mysql-connector-java\8.0.16\mysql-connector-java-8.0.16.jar;D:\work_soft\repository\org\projectlombok\lombok\1.18.8\lombok-1.18.8.jar;D:\work_soft\repository\org\springframework\boot\spring-boot-starter-test\2.1.6.RELEASE\spring-boot-starter-test-2.1.6.RELEASE.jar;D:\work_soft\repository\org\springframework\boot\spring-boot-test\2.1.6.RELEASE\spring-boot-test-2.1.6.RELEASE.jar;D:\work_soft\repository\org\springframework\boot\spring-boot-test-autoconfigure\2.1.6.RELEASE\spring-boot-test-autoconfigure-2.1.6.RELEASE.jar;D:\work_soft\repository\com\jayway\jsonpath\json-path\2.4.0\json-path-2.4.0.jar;D:\work_soft\repository\net\minidev\json-smart\2.3\json-smart-2.3.jar;D:\work_soft\repository\net\minidev\accessors-smart\1.2\accessors-smart-1.2.jar;D:\work_soft\repository\org\ow2\asm\asm\5.0.4\asm-5.0.4.jar;D:\work_soft\repository\junit\junit\4.12\junit-4.12.jar;D:\work_soft\repository\org\assertj\assertj-core\3.11.1\assertj-core-3.11.1.jar;D:\work_soft\repository\org\mockito\mockito-core\2.23.4\mockito-core-2.23.4.jar;D:\work_soft\repository\net\bytebuddy\byte-buddy\1.9.13\byte-buddy-1.9.13.jar;D:\work_soft\repository\net\bytebuddy\byte-buddy-agent\1.9.13\byte-buddy-agent-1.9.13.jar;D:\work_soft\repository\org\objenesis\objenesis\2.6\objenesis-2.6.jar;D:\work_soft\repository\org\hamcrest\hamcrest-core\1.3\hamcrest-core-1.3.jar;D:\work_soft\repository\org\hamcrest\hamcrest-library\1.3\hamcrest-library-1.3.jar;D:\work_soft\repository\org\skyscreamer\jsonassert\1.5.0\jsonassert-1.5.0.jar;D:\work_soft\repository\com\vaadin\external\google\android-json\0.0.20131108.vaadin1\android-json-0.0.20131108.vaadin1.jar;D:\work_soft\repository\org\springframework\spring-core\5.1.8.RELEASE\spring-core-5.1.8.RELEASE.jar;D:\work_soft\repository\org\springframework\spring-jcl\5.1.8.RELEASE\spring-jcl-5.1.8.RELEASE.jar;D:\work_soft\repository\org\springframework\spring-test\5.1.8.RELEASE\spring-test-5.1.8.RELEASE.jar;D:\work_soft\repository\org\xmlunit\xmlunit-core\2.6.2\xmlunit-core-2.6.2.jar;"/>
    <property name="sun.cpu.endian" value="little"/>
    <property name="user.home" value="C:\Users\Administrator"/>
    <property name="user.language" value="zh"/>
    <property name="java.specification.vendor" value="Oracle Corporation"/>
    <property name="java.home" value="D:\work_soft\java\jre"/>
    <property name="basedir" value="D:\work_soft\IdeaProjects\zkw-fed-web-master"/>
    <property name="file.separator" value="\"/>
    <property name="line.separator" value="&#10;"/>
    <property name="java.vm.specification.vendor" value="Oracle Corporation"/>
    <property name="java.specification.name" value="Java Platform API Specification"/>
    <property name="java.awt.graphicsenv" value="sun.awt.Win32GraphicsEnvironment"/>
    <property name="surefire.real.class.path" value="C:\Users\ADMINI~1\AppData\Local\Temp\surefire8711407777467399315\surefirebooter348160755701553778.jar"/>
    <property name="sun.boot.class.path" value="D:\work_soft\java\jre\lib\resources.jar;D:\work_soft\java\jre\lib\rt.jar;D:\work_soft\java\jre\lib\sunrsasign.jar;D:\work_soft\java\jre\lib\jsse.jar;D:\work_soft\java\jre\lib\jce.jar;D:\work_soft\java\jre\lib\charsets.jar;D:\work_soft\java\jre\lib\jfr.jar;D:\work_soft\java\jre\classes"/>
    <property name="user.script" value=""/>
    <property name="sun.management.compiler" value="HotSpot 64-Bit Tiered Compilers"/>
    <property name="java.runtime.version" value="1.8.0_202-b08"/>
    <property name="user.name" value="Administrator"/>
    <property name="path.separator" value=";"/>
    <property name="os.version" value="6.1"/>
    <property name="java.endorsed.dirs" value="D:\work_soft\java\jre\lib\endorsed"/>
    <property name="java.runtime.name" value="Java(TM) SE Runtime Environment"/>
    <property name="file.encoding" value="GBK"/>
    <property name="java.vm.name" value="Java HotSpot(TM) 64-Bit Server VM"/>
    <property name="localRepository" value="D:\work_soft\repository"/>
    <property name="java.vendor.url.bug" value="http://bugreport.sun.com/bugreport/"/>
    <property name="java.io.tmpdir" value="C:\Users\ADMINI~1\AppData\Local\Temp\"/>
    <property name="idea.version" value="2017.3.4"/>
    <property name="java.version" value="1.8.0_202"/>
    <property name="user.dir" value="D:\work_soft\IdeaProjects\zkw-fed-web-master"/>
    <property name="os.arch" value="amd64"/>
    <property name="java.vm.specification.name" value="Java Virtual Machine Specification"/>
    <property name="java.awt.printerjob" value="sun.awt.windows.WPrinterJob"/>
    <property name="sun.os.patch.level" value="Service Pack 1"/>
    <property name="java.library.path" value="D:\work_soft\java\jre\bin;C:\Windows\Sun\Java\bin;C:\Windows\system32;C:\Windows;C:\Program Files (x86)\Common Files\Oracle\Java\javapath;C:\Windows\system32;C:\Windows;C:\Windows\System32\Wbem;C:\Windows\System32\WindowsPowerShell\v1.0\;C:\Program Files\nodejs\;C:\Program Files\TortoiseGit\bin;C:\Program Files\Git\cmd;C:\phpStudy\PHPTutorial\php\php-7.0.12-nts;C:\phpStudy\PHPTutorial\WWW\newzgz;D:\work_soft\mysql\bin;D:\360downloads\Windows7Master;;C:\Users\Administrator\AppData\Roaming\npm;C:\Users\Administrator\AppData\Roaming\Composer\vendor\bin;."/>
    <property name="java.vm.info" value="mixed mode"/>
    <property name="java.vendor" value="Oracle Corporation"/>
    <property name="java.vm.version" value="25.202-b08"/>
    <property name="java.ext.dirs" value="D:\work_soft\java\jre\lib\ext;C:\Windows\Sun\Java\lib\ext"/>
    <property name="sun.io.unicode.encoding" value="UnicodeLittle"/>
    <property name="maven.repo.local" value="D:\work_soft\repository"/>
    <property name="java.class.version" value="52.0"/>
  </properties>
  <testcase name="contextLoads" classname="com.zkw.fedweb.FedWebApplicationTests" time="0.271"/>
</testsuite>